[20:44:23] [WARNING] mysql_connect: no password specified (C:\Users\א\Desktop\North_Carolina RP Lite\gamemodes\new.pwn:60 -> C:\Users\א\Desktop\North_Carolina RP Lite\pawno\include\dc_cmd.inc:96)
[20:48:06] [WARNING] mysql_connect: no password specified (C:\Users\א\Desktop\North_Carolina RP Lite\gamemodes\new.pwn:60 -> C:\Users\א\Desktop\North_Carolina RP Lite\pawno\include\dc_cmd.inc:96)
[20:55:01] [WARNING] mysql_connect: no password specified (C:\Users\א\Desktop\North_Carolina RP Lite\gamemodes\new.pwn:60 -> C:\Users\א\Desktop\North_Carolina RP Lite\pawno\include\dc_cmd.inc:96)
[20:56:06] [WARNING] mysql_connect: no password specified (C:\Users\א\Desktop\North_Carolina RP Lite\gamemodes\new.pwn:60 -> C:\Users\א\Desktop\North_Carolina RP Lite\pawno\include\dc_cmd.inc:96)
[20:57:28] [WARNING] mysql_connect: no password specified (C:\Users\א\Desktop\North_Carolina RP Lite\gamemodes\new.pwn:60 -> C:\Users\א\Desktop\North_Carolina RP Lite\pawno\include\dc_cmd.inc:96)
[20:57:56] [WARNING] mysql_connect: no password specified (C:\Users\א\Desktop\North_Carolina RP Lite\gamemodes\new.pwn:60 -> C:\Users\א\Desktop\North_Carolina RP Lite\pawno\include\dc_cmd.inc:96)
[20:59:36] [WARNING] mysql_connect: no password specified (C:\Users\א\Desktop\North_Carolina RP Lite\gamemodes\new.pwn:60 -> C:\Users\א\Desktop\North_Carolina RP Lite\pawno\include\dc_cmd.inc:96)
[21:18:11] [WARNING] mysql_connect: no password specified (C:\Users\א\Desktop\North_Carolina RP Lite\gamemodes\new.pwn:60 -> C:\Users\א\Desktop\North_Carolina RP Lite\pawno\include\dc_cmd.inc:96)
[21:18:32] [WARNING] mysql_connect: no password specified (C:\Users\א\Desktop\North_Carolina RP Lite\gamemodes\new.pwn:60 -> C:\Users\א\Desktop\North_Carolina RP Lite\pawno\include\dc_cmd.inc:96)
[21:19:11] [WARNING] mysql_connect: no password specified (C:\Users\א\Desktop\North_Carolina RP Lite\gamemodes\new.pwn:60 -> C:\Users\א\Desktop\North_Carolina RP Lite\pawno\include\dc_cmd.inc:96)
[21:21:02] [WARNING] mysql_connect: no password specified (C:\Users\א\Desktop\North_Carolina RP Lite\gamemodes\new.pwn:60 -> C:\Users\א\Desktop\North_Carolina RP Lite\pawno\include\dc_cmd.inc:96)
[21:23:01] [WARNING] mysql_connect: no password specified (C:\Users\א\Desktop\North_Carolina RP Lite\gamemodes\new.pwn:60 -> C:\Users\א\Desktop\North_Carolina RP Lite\pawno\include\dc_cmd.inc:96)
[21:23:54] [WARNING] mysql_connect: no password specified (C:\Users\א\Desktop\North_Carolina RP Lite\gamemodes\new.pwn:61 -> C:\Users\א\Desktop\North_Carolina RP Lite\pawno\include\dc_cmd.inc:96)
[21:29:32] [WARNING] mysql_connect: no password specified (C:\Users\א\Desktop\North_Carolina RP Lite\gamemodes\new.pwn:60 -> C:\Users\א\Desktop\North_Carolina RP Lite\pawno\include\dc_cmd.inc:96)
[09:38:39] [WARNING] mysql_connect: no password specified (C:\Users\א\Desktop\North_Carolina RP Lite\gamemodes\new.pwn:65 -> C:\Users\א\Desktop\North_Carolina RP Lite\pawno\include\dc_cmd.inc:96)
[09:42:06] [WARNING] mysql_connect: no password specified (C:\Users\א\Desktop\North_Carolina RP Lite\gamemodes\new.pwn:66 -> C:\Users\א\Desktop\North_Carolina RP Lite\pawno\include\sscanf2.inc:174 -> C:\Users\א\Desktop\North_Carolina RP Lite\pawno\include\dc_cmd.inc:96)
[10:04:05] [WARNING] mysql_connect: no password specified (C:\Users\א\Desktop\North_Carolina RP Lite\gamemodes\new.pwn:97 -> C:\Users\א\Desktop\North_Carolina RP Lite\pawno\include\pickup.pwn:133 -> C:\Users\א\Desktop\North_Carolina RP Lite\pawno\include\sscanf2.inc:174 -> C:\Users\א\Desktop\North_Carolina RP Lite\pawno\include\dc_cmd.inc:96)
[10:04:29] [WARNING] mysql_connect: no password specified (C:\Users\א\Desktop\North_Carolina RP Lite\gamemodes\new.pwn:97 -> C:\Users\א\Desktop\North_Carolina RP Lite\pawno\include\pickup.pwn:133 -> C:\Users\א\Desktop\North_Carolina RP Lite\pawno\include\sscanf2.inc:174 -> C:\Users\א\Desktop\North_Carolina RP Lite\pawno\include\dc_cmd.inc:96)
[10:17:49] [WARNING] mysql_connect: no password specified (C:\Users\א\Desktop\North_Carolina RP Lite\gamemodes\new.pwn:99 -> C:\Users\א\Desktop\North_Carolina RP Lite\pawno\include\pickup.pwn:133 -> C:\Users\א\Desktop\North_Carolina RP Lite\pawno\include\sscanf2.inc:174 -> C:\Users\א\Desktop\North_Carolina RP Lite\pawno\include\dc_cmd.inc:96)
[10:22:05] [WARNING] mysql_connect: no password specified (C:\Users\א\Desktop\North_Carolina RP Lite\gamemodes\new.pwn:99 -> C:\Users\א\Desktop\North_Carolina RP Lite\pawno\include\pickup.pwn:133 -> C:\Users\א\Desktop\North_Carolina RP Lite\pawno\include\sscanf2.inc:174 -> C:\Users\א\Desktop\North_Carolina RP Lite\pawno\include\dc_cmd.inc:96)
[10:55:47] [WARNING] mysql_connect: no password specified (C:\Users\א\Desktop\North_Carolina RP Lite\gamemodes\new.pwn:101 -> C:\Users\א\Desktop\North_Carolina RP Lite\pawno\include\pickup.pwn:133 -> C:\Users\א\Desktop\North_Carolina RP Lite\pawno\include\sscanf2.inc:174 -> C:\Users\א\Desktop\North_Carolina RP Lite\pawno\include\dc_cmd.inc:96)
[10:57:56] [WARNING] mysql_connect: no password specified (C:\Users\א\Desktop\North_Carolina RP Lite\gamemodes\new.pwn:101 -> C:\Users\א\Desktop\North_Carolina RP Lite\pawno\include\pickup.pwn:133 -> C:\Users\א\Desktop\North_Carolina RP Lite\pawno\include\sscanf2.inc:174 -> C:\Users\א\Desktop\North_Carolina RP Lite\pawno\include\dc_cmd.inc:96)
[10:59:16] [WARNING] mysql_connect: no password specified (C:\Users\א\Desktop\North_Carolina RP Lite\gamemodes\new.pwn:101 -> C:\Users\א\Desktop\North_Carolina RP Lite\pawno\include\pickup.pwn:133 -> C:\Users\א\Desktop\North_Carolina RP Lite\pawno\include\sscanf2.inc:174 -> C:\Users\א\Desktop\North_Carolina RP Lite\pawno\include\dc_cmd.inc:96)
[11:00:21] [WARNING] mysql_connect: no password specified (C:\Users\א\Desktop\North_Carolina RP Lite\gamemodes\new.pwn:101 -> C:\Users\א\Desktop\North_Carolina RP Lite\pawno\include\pickup.pwn:133 -> C:\Users\א\Desktop\North_Carolina RP Lite\pawno\include\sscanf2.inc:174 -> C:\Users\א\Desktop\North_Carolina RP Lite\pawno\include\dc_cmd.inc:96)
[11:01:26] [WARNING] mysql_connect: no password specified (C:\Users\א\Desktop\North_Carolina RP Lite\gamemodes\new.pwn:101 -> C:\Users\א\Desktop\North_Carolina RP Lite\pawno\include\pickup.pwn:133 -> C:\Users\א\Desktop\North_Carolina RP Lite\pawno\include\sscanf2.inc:174 -> C:\Users\א\Desktop\North_Carolina RP Lite\pawno\include\dc_cmd.inc:96)
[12:37:19] [WARNING] mysql_connect: no password specified (C:\Users\admin\Desktop\למה NRP\gamemodes\new.pwn:213 -> C:\Users\admin\Desktop\למה NRP\pawno\include\pickup.pwn:132)
[12:37:21] [ERROR] CConnection::CConnection - establishing connection to MySQL database failed: #2002 'Can't connect to MySQL server on '127.0.0.1' (10061)'
[12:37:23] [ERROR] CConnection::CConnection - establishing connection to MySQL database failed: #2002 'Can't connect to MySQL server on '127.0.0.1' (10061)'
